<?xml version="1.0" encoding="UTF-8"?>
<testsuite name="validatorTest" tests="1" skipped="0" failures="0" errors="0" timestamp="2022-11-30T11:35:41" hostname="LAPTOP-49MSA4BS" time="0.029">
  <properties/>
  <testcase name="testValidateUserName()" classname="validatorTest" time="0.029"/>
  <system-out><![CDATA[]]></system-out>
  <system-err><![CDATA[]]></system-err>
</testsuite>
